<?xml version="1.0" encoding="UTF-8"?>
<!-- Generated by org.testng.reporters.JUnitReportReporter -->
<testsuite skipped="0" hostname="Govind-PC" name="com.exampleActiTime.testCase.ActiTimeInfo" tests="1" failures="0" timestamp="30 Jan 2019 13:36:29 GMT" time="26.512" errors="0">
  <testcase name="testActiTimeInfo" time="26.512" classname="com.exampleActiTime.testCase.ActiTimeInfo"/>
</testsuite> <!-- com.exampleActiTime.testCase.ActiTimeInfo -->
