<?xml version="1.0" encoding="UTF-8"?>
<!-- Generated by org.testng.reporters.JUnitReportReporter -->
<testsuite skipped="0" hostname="Govind-PC" name="com.exampleActiTime.testCase.Create_New_BillingType" tests="1" failures="0" timestamp="30 Jan 2019 13:36:30 GMT" time="35.392" errors="0">
  <testcase name="testNewBillingType" time="35.392" classname="com.exampleActiTime.testCase.Create_New_BillingType"/>
</testsuite> <!-- com.exampleActiTime.testCase.Create_New_BillingType -->
