<?xml version="1.0" encoding="UTF-8"?>
<!-- Generated by org.testng.reporters.JUnitReportReporter -->
<testsuite skipped="0" hostname="Govind-PC" name="com.exampleActiTime.testCase.Verify_ErrorMessage" tests="1" failures="0" timestamp="30 Jan 2019 13:53:42 GMT" time="86.938" errors="0">
  <testcase name="testErrorMessage" time="86.938" classname="com.exampleActiTime.testCase.Verify_ErrorMessage"/>
</testsuite> <!-- com.exampleActiTime.testCase.Verify_ErrorMessage -->
